Using pre-set license
Built from '2020.3/staging' branch; Version is '2020.3.26f1 (7298b473bc1a) revision 7510196'; Using compiler version '192528614'; Build Type 'Release'
OS: 'Windows 10  (10.0.19043) 64bit CoreSingleLanguage' Language: 'en' Physical Memory: 12140 MB
BatchMode: 1, IsHumanControllingUs: 0, StartBugReporterOnCrash: 0, Is64bit: 1, IsPro: 0

COMMAND LINE ARGUMENTS:
C:\Program Files\Unity\Hub\Editor\2020.3.26f1\Editor\Unity.exe
-adb2
-batchMode
-noUpm
-name
AssetImportWorker0
-projectPath
D:/Projects/Code/Unity/Solar-System
-logFile
Logs/AssetImportWorker0.log
-srvPort
54080
Successfully changed project path to: D:/Projects/Code/Unity/Solar-System
D:/Projects/Code/Unity/Solar-System
Using Asset Import Pipeline V2.
Refreshing native plugins compatible for Editor in 261.59 ms, found 5 plugins.
Preloading 0 native plugins for Editor in 0.00 ms.
Initialize engine version: 2020.3.26f1 (7298b473bc1a)
[Subsystems] Discovering subsystems at path C:/Program Files/Unity/Hub/Editor/2020.3.26f1/Editor/Data/Resources/UnitySubsystems
[Subsystems] Discovering subsystems at path D:/Projects/Code/Unity/Solar-System/Assets
GfxDevice: creating device client; threaded=0
Direct3D:
    Version:  Direct3D 11.0 [level 11.1]
    Renderer: NVIDIA GeForce GTX 1650 (ID=0x1f91)
    Vendor:   
    VRAM:     3962 MB
    Driver:   30.0.15.1165
Initialize mono
Mono path[0] = 'C:/Program Files/Unity/Hub/Editor/2020.3.26f1/Editor/Data/Managed'
Mono path[1] = 'C:/Program Files/Unity/Hub/Editor/2020.3.26f1/Editor/Data/MonoBleedingEdge/lib/mono/unityjit'
Mono config path = 'C:/Program Files/Unity/Hub/Editor/2020.3.26f1/Editor/Data/MonoBleedingEdge/etc'
Using monoOptions --debugger-agent=transport=dt_socket,embedding=1,server=y,suspend=n,address=127.0.0.1:56428
Begin MonoManager ReloadAssembly
Registering precompiled unity dll's ...
Register platform support module: C:/Program Files/Unity/Hub/Editor/2020.3.26f1/Editor/Data/PlaybackEngines/WindowsStandaloneSupport/UnityEditor.WindowsStandalone.Extensions.dll
Registered in 0.007266 seconds.
Native extension for WindowsStandalone target not found
Refreshing native plugins compatible for Editor in 155.46 ms, found 5 plugins.
Preloading 0 native plugins for Editor in 0.00 ms.
Mono: successfully reloaded assembly
- Completed reload, in  1.590 seconds
Domain Reload Profiling:
	ReloadAssembly (1590ms)
		BeginReloadAssembly (162ms)
			ExecutionOrderSort (0ms)
			DisableScriptedObjects (0ms)
			BackupInstance (0ms)
			ReleaseScriptingObjects (0ms)
			CreateAndSetChildDomain (2ms)
		EndReloadAssembly (1235ms)
			LoadAssemblies (158ms)
			RebuildTransferFunctionScriptingTraits (0ms)
			SetupTypeCache (395ms)
			ReleaseScriptCaches (0ms)
			RebuildScriptCaches (83ms)
			SetupLoadedEditorAssemblies (515ms)
				LogAssemblyErrors (0ms)
				InitializePlatformSupportModulesInManaged (15ms)
				SetLoadedEditorAssemblies (1ms)
				RefreshPlugins (156ms)
				BeforeProcessingInitializeOnLoad (30ms)
				ProcessInitializeOnLoadAttributes (252ms)
				ProcessInitializeOnLoadMethodAttributes (61ms)
				AfterProcessingInitializeOnLoad (0ms)
				EditorAssembliesLoaded (0ms)
			ExecutionOrderSort2 (0ms)
			AwakeInstancesAfterBackupRestoration (0ms)
Platform modules already initialized, skipping
Registering precompiled user dll's ...
Registered in 0.008405 seconds.
Begin MonoManager ReloadAssembly
Native extension for WindowsStandalone target not found
Refreshing native plugins compatible for Editor in 92.16 ms, found 5 plugins.
Preloading 0 native plugins for Editor in 0.00 ms.
Mono: successfully reloaded assembly
- Completed reload, in  2.958 seconds
Domain Reload Profiling:
	ReloadAssembly (2959ms)
		BeginReloadAssembly (680ms)
			ExecutionOrderSort (0ms)
			DisableScriptedObjects (20ms)
			BackupInstance (0ms)
			ReleaseScriptingObjects (1ms)
			CreateAndSetChildDomain (38ms)
		EndReloadAssembly (2107ms)
			LoadAssemblies (174ms)
			RebuildTransferFunctionScriptingTraits (0ms)
			SetupTypeCache (968ms)
			ReleaseScriptCaches (1ms)
			RebuildScriptCaches (131ms)
			SetupLoadedEditorAssemblies (582ms)
				LogAssemblyErrors (0ms)
				InitializePlatformSupportModulesInManaged (7ms)
				SetLoadedEditorAssemblies (0ms)
				RefreshPlugins (92ms)
				BeforeProcessingInitializeOnLoad (160ms)
				ProcessInitializeOnLoadAttributes (301ms)
				ProcessInitializeOnLoadMethodAttributes (11ms)
				AfterProcessingInitializeOnLoad (9ms)
				EditorAssembliesLoaded (0ms)
			ExecutionOrderSort2 (0ms)
			AwakeInstancesAfterBackupRestoration (8ms)
Platform modules already initialized, skipping
========================================================================
Worker process is ready to serve import requests
Launched and connected shader compiler UnityShaderCompiler.exe after 0.18 seconds
Refreshing native plugins compatible for Editor in 1.56 ms, found 5 plugins.
Preloading 0 native plugins for Editor in 0.00 ms.
Unloading 3238 Unused Serialized files (Serialized files now loaded: 0)
System memory in use before: 146.6 MB.
System memory in use after: 146.8 MB.

Unloading 28 unused Assets to reduce memory usage. Loaded Objects now: 3666.
Total: 15.793900 ms (FindLiveObjects: 0.825100 ms CreateObjectMapping: 0.385200 ms MarkObjects: 14.347200 ms  DeleteObjects: 0.233300 ms)

AssetImportParameters requested are different than current active one (requested -> active):
  custom:framework-win-MediaFoundation: 216162199b28c13a410421893ffa2e32 -> 
  custom:video-decoder-ogg-theora: a1e56fd34408186e4bbccfd4996cb3dc -> 
  custom:container-muxer-webm: aa71ff27fc2769a1b78a27578f13a17b -> 
  custom:container-demuxer-webm: 4f35f7cbe854078d1ac9338744f61a02 -> 
  custom:container-demuxer-ogg: 62fdf1f143b41e24485cea50d1cbac27 -> 
  custom:video-encoder-webm-vp8: eb34c28f22e8b96e1ab97ce403110664 -> 
  custom:video-codec-MediaFoundation-h265: 746d11721c4dcdbdad8f713fa42b33f4 -> 
  custom:video-decoder-webm-vp8: 9c59270c3fd7afecdb556c50c9e8de78 -> 
  custom:audio-decoder-ogg-vorbis: bf7c407c2cedff20999df2af8eb42d56 -> 
  custom:audio-encoder-webm-vorbis: bf7c407c2cedff20999df2af8eb42d56 -> 
========================================================================
Received Import Request.
  path: Assets/TextMesh Pro/Resources/Fonts & Materials/LiberationSans SDF - Fallback.asset
  artifactKey: Guid(2e498d1c8094910479dc3e1b768306a4) Importer(815301076,1909f56bfc062723c751e8b465ee728b)
Start importing Assets/TextMesh Pro/Resources/Fonts & Materials/LiberationSans SDF - Fallback.asset using Guid(2e498d1c8094910479dc3e1b768306a4) Importer(815301076,1909f56bfc062723c751e8b465ee728b)  -> (artifact id: '1f7d15faa65ba99a3a303f0ac65d9f09') in 0.597562 seconds 
  Import took 0.722378 seconds .

========================================================================
Received Import Request.
  Time since last request: 0.000291 seconds.
  path: Assets/TextMesh Pro/Resources/Fonts & Materials/LiberationSans SDF.asset
  artifactKey: Guid(8f586378b4e144a9851e7b34d9b748ee) Importer(815301076,1909f56bfc062723c751e8b465ee728b)
Start importing Assets/TextMesh Pro/Resources/Fonts & Materials/LiberationSans SDF.asset using Guid(8f586378b4e144a9851e7b34d9b748ee) Importer(815301076,1909f56bfc062723c751e8b465ee728b)  -> (artifact id: '48bca63340dae53b6f1129e77bab0ce7') in 0.045329 seconds 
  Import took 0.106691 seconds .

========================================================================
Received Import Request.
  Time since last request: 1612.859895 seconds.
  path: Assets/Fonts/Josefin_Sans/JosefinSans-Italic-VariableFont_wght.ttf
  artifactKey: Guid(9cb28445b4e203645b9f413c8e139197) Importer(815301076,1909f56bfc062723c751e8b465ee728b)
Start importing Assets/Fonts/Josefin_Sans/JosefinSans-Italic-VariableFont_wght.ttf using Guid(9cb28445b4e203645b9f413c8e139197) Importer(815301076,1909f56bfc062723c751e8b465ee728b)  -> (artifact id: 'a6d2bb56d04280e2721a2d43238b45be') in 0.034685 seconds 
  Import took 0.086815 seconds .

========================================================================
Received Import Request.
  Time since last request: 0.000872 seconds.
  path: Assets/Fonts/Josefin_Sans/JosefinSans-VariableFont_wght.ttf
  artifactKey: Guid(b1207c2b01741254493f96712facaa82) Importer(815301076,1909f56bfc062723c751e8b465ee728b)
Start importing Assets/Fonts/Josefin_Sans/JosefinSans-VariableFont_wght.ttf using Guid(b1207c2b01741254493f96712facaa82) Importer(815301076,1909f56bfc062723c751e8b465ee728b)  -> (artifact id: 'b031b9013948c50ff035fbf711b93ea3') in 0.018726 seconds 
  Import took 0.047960 seconds .

========================================================================
Received Import Request.
  Time since last request: 12.206629 seconds.
  path: Assets/Fonts/Josefin_Sans/static/JosefinSans-Bold.ttf
  artifactKey: Guid(27c921710c15baa46943d3e2270d752e) Importer(815301076,1909f56bfc062723c751e8b465ee728b)
Start importing Assets/Fonts/Josefin_Sans/static/JosefinSans-Bold.ttf using Guid(27c921710c15baa46943d3e2270d752e) Importer(815301076,1909f56bfc062723c751e8b465ee728b)  -> (artifact id: '98e908b0fda8945ce820fcf78b3b7f66') in 0.013153 seconds 
  Import took 0.019827 seconds .

========================================================================
Received Import Request.
  Time since last request: 0.000362 seconds.
  path: Assets/Fonts/Josefin_Sans/static/JosefinSans-ThinItalic.ttf
  artifactKey: Guid(12bd1773006fb734d824fa8a99a2bd13) Importer(815301076,1909f56bfc062723c751e8b465ee728b)
Start importing Assets/Fonts/Josefin_Sans/static/JosefinSans-ThinItalic.ttf using Guid(12bd1773006fb734d824fa8a99a2bd13) Importer(815301076,1909f56bfc062723c751e8b465ee728b)  -> (artifact id: '2f30555ece6e390f26cfe9b3f99e91a4') in 0.018383 seconds 
  Import took 0.028844 seconds .

========================================================================
Received Import Request.
  Time since last request: 0.000395 seconds.
  path: Assets/Fonts/Josefin_Sans/static/JosefinSans-Italic.ttf
  artifactKey: Guid(db518123c79dfea4db3127e37b25b405) Importer(815301076,1909f56bfc062723c751e8b465ee728b)
Start importing Assets/Fonts/Josefin_Sans/static/JosefinSans-Italic.ttf using Guid(db518123c79dfea4db3127e37b25b405) Importer(815301076,1909f56bfc062723c751e8b465ee728b)  -> (artifact id: 'aad8f79c3afe651bfdb146b6548aef0a') in 0.020351 seconds 
  Import took 0.075667 seconds .

========================================================================
Received Import Request.
  Time since last request: 0.000302 seconds.
  path: Assets/Fonts/Josefin_Sans/static/JosefinSans-ExtraLight.ttf
  artifactKey: Guid(f6dee2f687903d24eb37124c539057fc) Importer(815301076,1909f56bfc062723c751e8b465ee728b)
Start importing Assets/Fonts/Josefin_Sans/static/JosefinSans-ExtraLight.ttf using Guid(f6dee2f687903d24eb37124c539057fc) Importer(815301076,1909f56bfc062723c751e8b465ee728b)  -> (artifact id: '48f888cc5193720cd7c345ef6d3e5d1e') in 0.019735 seconds 
  Import took 0.024918 seconds .

========================================================================
Received Import Request.
  Time since last request: 0.000316 seconds.
  path: Assets/Fonts/Josefin_Sans/static/JosefinSans-SemiBoldItalic.ttf
  artifactKey: Guid(f67676e31d79c5b4b89f875ca5fd7f6d) Importer(815301076,1909f56bfc062723c751e8b465ee728b)
Start importing Assets/Fonts/Josefin_Sans/static/JosefinSans-SemiBoldItalic.ttf using Guid(f67676e31d79c5b4b89f875ca5fd7f6d) Importer(815301076,1909f56bfc062723c751e8b465ee728b)  -> (artifact id: '23f51d99a8a088142e53368e43f05b99') in 0.017226 seconds 
  Import took 0.047849 seconds .

========================================================================
Received Import Request.
  Time since last request: 0.000341 seconds.
  path: Assets/Fonts/Josefin_Sans/static/JosefinSans-SemiBold.ttf
  artifactKey: Guid(2a4ee37769639524d92de01610f8f963) Importer(815301076,1909f56bfc062723c751e8b465ee728b)
Start importing Assets/Fonts/Josefin_Sans/static/JosefinSans-SemiBold.ttf using Guid(2a4ee37769639524d92de01610f8f963) Importer(815301076,1909f56bfc062723c751e8b465ee728b)  -> (artifact id: 'd0559a2acbf1e116e3630572a40f9386') in 0.022368 seconds 
  Import took 0.055935 seconds .

========================================================================
Received Import Request.
  Time since last request: 0.000322 seconds.
  path: Assets/Fonts/Josefin_Sans/static/JosefinSans-Thin.ttf
  artifactKey: Guid(0dbceba54566658479c621f7132b1001) Importer(815301076,1909f56bfc062723c751e8b465ee728b)
Start importing Assets/Fonts/Josefin_Sans/static/JosefinSans-Thin.ttf using Guid(0dbceba54566658479c621f7132b1001) Importer(815301076,1909f56bfc062723c751e8b465ee728b)  -> (artifact id: '15d9d246b8e7cfd64b46ac20953d15ee') in 0.044449 seconds 
  Import took 0.092233 seconds .

========================================================================
Received Import Request.
  Time since last request: 0.000260 seconds.
  path: Assets/Fonts/Josefin_Sans/static/JosefinSans-Light.ttf
  artifactKey: Guid(cff9db6d5214a9d4da57b6ff75d12050) Importer(815301076,1909f56bfc062723c751e8b465ee728b)
Start importing Assets/Fonts/Josefin_Sans/static/JosefinSans-Light.ttf using Guid(cff9db6d5214a9d4da57b6ff75d12050) Importer(815301076,1909f56bfc062723c751e8b465ee728b)  -> (artifact id: '88680bf59c9b29ebfa13b86cfd7c8f2f') in 0.021158 seconds 
  Import took 0.065036 seconds .

========================================================================
Received Import Request.
  Time since last request: 0.000262 seconds.
  path: Assets/Fonts/Josefin_Sans/static/JosefinSans-BoldItalic.ttf
  artifactKey: Guid(cca06fb2910b6c84a8cbd2d3accbcf41) Importer(815301076,1909f56bfc062723c751e8b465ee728b)
Start importing Assets/Fonts/Josefin_Sans/static/JosefinSans-BoldItalic.ttf using Guid(cca06fb2910b6c84a8cbd2d3accbcf41) Importer(815301076,1909f56bfc062723c751e8b465ee728b)  -> (artifact id: 'cfda21022e5a27af920638e3881eea1e') in 0.020676 seconds 
  Import took 0.026984 seconds .

========================================================================
Received Import Request.
  Time since last request: 0.000256 seconds.
  path: Assets/Fonts/Josefin_Sans/static/JosefinSans-Medium.ttf
  artifactKey: Guid(a2b8e8e67da04284a96a2df8ca158486) Importer(815301076,1909f56bfc062723c751e8b465ee728b)
Start importing Assets/Fonts/Josefin_Sans/static/JosefinSans-Medium.ttf using Guid(a2b8e8e67da04284a96a2df8ca158486) Importer(815301076,1909f56bfc062723c751e8b465ee728b)  -> (artifact id: '48bc238cd32423946e7ea3a9832483f5') in 0.043724 seconds 
  Import took 0.050026 seconds .

========================================================================
Received Import Request.
  Time since last request: 0.000223 seconds.
  path: Assets/Fonts/Josefin_Sans/static/JosefinSans-MediumItalic.ttf
  artifactKey: Guid(2525b1b99dfe098458eb73a8ecf59c8b) Importer(815301076,1909f56bfc062723c751e8b465ee728b)
Start importing Assets/Fonts/Josefin_Sans/static/JosefinSans-MediumItalic.ttf using Guid(2525b1b99dfe098458eb73a8ecf59c8b) Importer(815301076,1909f56bfc062723c751e8b465ee728b)  -> (artifact id: 'cdc256d85fb83e7d7a2a482746fd7b12') in 0.017237 seconds 
  Import took 0.066153 seconds .

========================================================================
Received Import Request.
  Time since last request: 0.000339 seconds.
  path: Assets/Fonts/Josefin_Sans/static/JosefinSans-LightItalic.ttf
  artifactKey: Guid(26dc6dbe7c4b0e4499d520c75313a027) Importer(815301076,1909f56bfc062723c751e8b465ee728b)
Start importing Assets/Fonts/Josefin_Sans/static/JosefinSans-LightItalic.ttf using Guid(26dc6dbe7c4b0e4499d520c75313a027) Importer(815301076,1909f56bfc062723c751e8b465ee728b)  -> (artifact id: '335f55fc24edfa21d2b5fc9c022fb7db') in 0.015155 seconds 
  Import took 0.057757 seconds .

========================================================================
Received Import Request.
  Time since last request: 0.000289 seconds.
  path: Assets/Fonts/Josefin_Sans/static/JosefinSans-ExtraLightItalic.ttf
  artifactKey: Guid(909f121a96194f54094ec6a5ce9147d7) Importer(815301076,1909f56bfc062723c751e8b465ee728b)
Start importing Assets/Fonts/Josefin_Sans/static/JosefinSans-ExtraLightItalic.ttf using Guid(909f121a96194f54094ec6a5ce9147d7) Importer(815301076,1909f56bfc062723c751e8b465ee728b)  -> (artifact id: 'b6e7bf8364a7c10079245fdc515e3ea9') in 0.015374 seconds 
  Import took 0.095983 seconds .

========================================================================
Received Import Request.
  Time since last request: 0.000279 seconds.
  path: Assets/Fonts/Josefin_Sans/static/JosefinSans-Regular.ttf
  artifactKey: Guid(d0cb669965c6c434788449c2ba9aac3a) Importer(815301076,1909f56bfc062723c751e8b465ee728b)
Start importing Assets/Fonts/Josefin_Sans/static/JosefinSans-Regular.ttf using Guid(d0cb669965c6c434788449c2ba9aac3a) Importer(815301076,1909f56bfc062723c751e8b465ee728b)  -> (artifact id: 'e99959ef60257cbc79eddd143fea49b6') in 0.017199 seconds 
  Import took 0.023613 seconds .

========================================================================
Received Import Request.
  Time since last request: 86.013839 seconds.
  path: Assets/TextMesh Pro/Fonts/LiberationSans.ttf
  artifactKey: Guid(e3265ab4bf004d28a9537516768c1c75) Importer(815301076,1909f56bfc062723c751e8b465ee728b)
Start importing Assets/TextMesh Pro/Fonts/LiberationSans.ttf using Guid(e3265ab4bf004d28a9537516768c1c75) Importer(815301076,1909f56bfc062723c751e8b465ee728b)  -> (artifact id: 'ce2114eb26054ff0b709b8e6f99d0acc') in 0.020328 seconds 
  Import took 0.029418 seconds .

========================================================================
Received Import Request.
  Time since last request: 68.669850 seconds.
  path: Assets/Font Asset/JosefinSans-Regular SDF.asset
  artifactKey: Guid(b1fb07203801a0e448e2fe1fa1e54364) Importer(815301076,1909f56bfc062723c751e8b465ee728b)
Start importing Assets/Font Asset/JosefinSans-Regular SDF.asset using Guid(b1fb07203801a0e448e2fe1fa1e54364) Importer(815301076,1909f56bfc062723c751e8b465ee728b)  -> (artifact id: '621f56e7061e41e3d0eb91a168ce8228') in 0.026947 seconds 
  Import took 0.100945 seconds .

========================================================================
Received Import Request.
  Time since last request: 0.000438 seconds.
  path: Assets/TextMesh Pro/Resources/Fonts & Materials/LiberationSans SDF - Fallback.asset
  artifactKey: Guid(2e498d1c8094910479dc3e1b768306a4) Importer(815301076,1909f56bfc062723c751e8b465ee728b)
Start importing Assets/TextMesh Pro/Resources/Fonts & Materials/LiberationSans SDF - Fallback.asset using Guid(2e498d1c8094910479dc3e1b768306a4) Importer(815301076,1909f56bfc062723c751e8b465ee728b)  -> (artifact id: '862ccb775162fa3bf63b98212b265877') in 0.029460 seconds 
  Import took 0.090172 seconds .

========================================================================
Received Import Request.
  Time since last request: 40.520406 seconds.
  path: Assets/Font Asset/JosefinSans-Light SDF.asset
  artifactKey: Guid(25f2bec5fc98ae940b56fb36f67b74fd) Importer(815301076,1909f56bfc062723c751e8b465ee728b)
Start importing Assets/Font Asset/JosefinSans-Light SDF.asset using Guid(25f2bec5fc98ae940b56fb36f67b74fd) Importer(815301076,1909f56bfc062723c751e8b465ee728b)  -> (artifact id: 'cf0be06ea52cd2f1b29c7df5e7fe82b2') in 0.048708 seconds 
  Import took 0.056137 seconds .

========================================================================
Received Import Request.
  Time since last request: 0.000353 seconds.
  path: Assets/Font Asset/JosefinSans-Regular SDF.asset
  artifactKey: Guid(b1fb07203801a0e448e2fe1fa1e54364) Importer(815301076,1909f56bfc062723c751e8b465ee728b)
Start importing Assets/Font Asset/JosefinSans-Regular SDF.asset using Guid(b1fb07203801a0e448e2fe1fa1e54364) Importer(815301076,1909f56bfc062723c751e8b465ee728b)  -> (artifact id: 'c449bbe8865922571800a5cb36e28812') in 0.032487 seconds 
  Import took 0.042509 seconds .

========================================================================
Received Prepare
Registering precompiled user dll's ...
Registered in 0.009750 seconds.
Begin MonoManager ReloadAssembly
Native extension for WindowsStandalone target not found
Refreshing native plugins compatible for Editor in 1.68 ms, found 5 plugins.
Preloading 0 native plugins for Editor in 0.00 ms.
Mono: successfully reloaded assembly
- Completed reload, in  1.679 seconds
Domain Reload Profiling:
	ReloadAssembly (1680ms)
		BeginReloadAssembly (254ms)
			ExecutionOrderSort (0ms)
			DisableScriptedObjects (20ms)
			BackupInstance (0ms)
			ReleaseScriptingObjects (0ms)
			CreateAndSetChildDomain (97ms)
		EndReloadAssembly (1337ms)
			LoadAssemblies (141ms)
			RebuildTransferFunctionScriptingTraits (0ms)
			SetupTypeCache (468ms)
			ReleaseScriptCaches (2ms)
			RebuildScriptCaches (61ms)
			SetupLoadedEditorAssemblies (436ms)
				LogAssemblyErrors (0ms)
				InitializePlatformSupportModulesInManaged (7ms)
				SetLoadedEditorAssemblies (1ms)
				RefreshPlugins (2ms)
				BeforeProcessingInitializeOnLoad (130ms)
				ProcessInitializeOnLoadAttributes (272ms)
				ProcessInitializeOnLoadMethodAttributes (12ms)
				AfterProcessingInitializeOnLoad (11ms)
				EditorAssembliesLoaded (0ms)
			ExecutionOrderSort2 (0ms)
			AwakeInstancesAfterBackupRestoration (19ms)
Platform modules already initialized, skipping
Refreshing native plugins compatible for Editor in 0.75 ms, found 5 plugins.
Preloading 0 native plugins for Editor in 0.00 ms.
Unloading 3081 Unused Serialized files (Serialized files now loaded: 0)
System memory in use before: 142.3 MB.
System memory in use after: 142.5 MB.

Unloading 23 unused Assets to reduce memory usage. Loaded Objects now: 3750.
Total: 3.809100 ms (FindLiveObjects: 0.297500 ms CreateObjectMapping: 0.175000 ms MarkObjects: 3.313500 ms  DeleteObjects: 0.022000 ms)

AssetImportParameters requested are different than current active one (requested -> active):
  custom:framework-win-MediaFoundation: 216162199b28c13a410421893ffa2e32 -> 
  custom:video-decoder-ogg-theora: a1e56fd34408186e4bbccfd4996cb3dc -> 
  custom:container-muxer-webm: aa71ff27fc2769a1b78a27578f13a17b -> 
  custom:container-demuxer-webm: 4f35f7cbe854078d1ac9338744f61a02 -> 
  custom:container-demuxer-ogg: 62fdf1f143b41e24485cea50d1cbac27 -> 
  custom:video-encoder-webm-vp8: eb34c28f22e8b96e1ab97ce403110664 -> 
  custom:video-codec-MediaFoundation-h265: 746d11721c4dcdbdad8f713fa42b33f4 -> 
  custom:video-decoder-webm-vp8: 9c59270c3fd7afecdb556c50c9e8de78 -> 
  custom:audio-decoder-ogg-vorbis: bf7c407c2cedff20999df2af8eb42d56 -> 
  custom:audio-encoder-webm-vorbis: bf7c407c2cedff20999df2af8eb42d56 -> 
========================================================================
Received Prepare
Registering precompiled user dll's ...
Registered in 0.008649 seconds.
Begin MonoManager ReloadAssembly
Native extension for WindowsStandalone target not found
Refreshing native plugins compatible for Editor in 0.91 ms, found 5 plugins.
Preloading 0 native plugins for Editor in 0.00 ms.
Mono: successfully reloaded assembly
- Completed reload, in  2.039 seconds
Domain Reload Profiling:
	ReloadAssembly (2040ms)
		BeginReloadAssembly (178ms)
			ExecutionOrderSort (0ms)
			DisableScriptedObjects (8ms)
			BackupInstance (0ms)
			ReleaseScriptingObjects (0ms)
			CreateAndSetChildDomain (54ms)
		EndReloadAssembly (1780ms)
			LoadAssemblies (153ms)
			RebuildTransferFunctionScriptingTraits (0ms)
			SetupTypeCache (495ms)
			ReleaseScriptCaches (4ms)
			RebuildScriptCaches (164ms)
			SetupLoadedEditorAssemblies (665ms)
				LogAssemblyErrors (0ms)
				InitializePlatformSupportModulesInManaged (5ms)
				SetLoadedEditorAssemblies (1ms)
				RefreshPlugins (1ms)
				BeforeProcessingInitializeOnLoad (114ms)
				ProcessInitializeOnLoadAttributes (519ms)
				ProcessInitializeOnLoadMethodAttributes (13ms)
				AfterProcessingInitializeOnLoad (12ms)
				EditorAssembliesLoaded (1ms)
			ExecutionOrderSort2 (0ms)
			AwakeInstancesAfterBackupRestoration (25ms)
Platform modules already initialized, skipping
Refreshing native plugins compatible for Editor in 0.73 ms, found 5 plugins.
Preloading 0 native plugins for Editor in 0.00 ms.
Unloading 3081 Unused Serialized files (Serialized files now loaded: 0)
System memory in use before: 142.3 MB.
System memory in use after: 142.6 MB.

Unloading 23 unused Assets to reduce memory usage. Loaded Objects now: 3752.
Total: 4.127700 ms (FindLiveObjects: 0.316200 ms CreateObjectMapping: 0.218600 ms MarkObjects: 3.567100 ms  DeleteObjects: 0.023900 ms)

AssetImportParameters requested are different than current active one (requested -> active):
  custom:framework-win-MediaFoundation: 216162199b28c13a410421893ffa2e32 -> 
  custom:video-decoder-ogg-theora: a1e56fd34408186e4bbccfd4996cb3dc -> 
  custom:container-muxer-webm: aa71ff27fc2769a1b78a27578f13a17b -> 
  custom:container-demuxer-webm: 4f35f7cbe854078d1ac9338744f61a02 -> 
  custom:container-demuxer-ogg: 62fdf1f143b41e24485cea50d1cbac27 -> 
  custom:video-encoder-webm-vp8: eb34c28f22e8b96e1ab97ce403110664 -> 
  custom:video-codec-MediaFoundation-h265: 746d11721c4dcdbdad8f713fa42b33f4 -> 
  custom:video-decoder-webm-vp8: 9c59270c3fd7afecdb556c50c9e8de78 -> 
  custom:audio-decoder-ogg-vorbis: bf7c407c2cedff20999df2af8eb42d56 -> 
  custom:audio-encoder-webm-vorbis: bf7c407c2cedff20999df2af8eb42d56 -> 
========================================================================
Received Prepare
Registering precompiled user dll's ...
Registered in 0.005306 seconds.
Begin MonoManager ReloadAssembly
Native extension for WindowsStandalone target not found
Refreshing native plugins compatible for Editor in 0.99 ms, found 5 plugins.
Preloading 0 native plugins for Editor in 0.00 ms.
Mono: successfully reloaded assembly
- Completed reload, in  1.224 seconds
Domain Reload Profiling:
	ReloadAssembly (1225ms)
		BeginReloadAssembly (112ms)
			ExecutionOrderSort (0ms)
			DisableScriptedObjects (5ms)
			BackupInstance (0ms)
			ReleaseScriptingObjects (0ms)
			CreateAndSetChildDomain (32ms)
		EndReloadAssembly (1030ms)
			LoadAssemblies (96ms)
			RebuildTransferFunctionScriptingTraits (0ms)
			SetupTypeCache (363ms)
			ReleaseScriptCaches (2ms)
			RebuildScriptCaches (50ms)
			SetupLoadedEditorAssemblies (361ms)
				LogAssemblyErrors (0ms)
				InitializePlatformSupportModulesInManaged (4ms)
				SetLoadedEditorAssemblies (1ms)
				RefreshPlugins (1ms)
				BeforeProcessingInitializeOnLoad (109ms)
				ProcessInitializeOnLoadAttributes (229ms)
				ProcessInitializeOnLoadMethodAttributes (8ms)
				AfterProcessingInitializeOnLoad (9ms)
				EditorAssembliesLoaded (0ms)
			ExecutionOrderSort2 (0ms)
			AwakeInstancesAfterBackupRestoration (16ms)
Platform modules already initialized, skipping
Refreshing native plugins compatible for Editor in 0.77 ms, found 5 plugins.
Preloading 0 native plugins for Editor in 0.00 ms.
Unloading 3081 Unused Serialized files (Serialized files now loaded: 0)
System memory in use before: 142.3 MB.
System memory in use after: 142.6 MB.

Unloading 23 unused Assets to reduce memory usage. Loaded Objects now: 3754.
Total: 4.044000 ms (FindLiveObjects: 0.305200 ms CreateObjectMapping: 0.210400 ms MarkObjects: 3.505300 ms  DeleteObjects: 0.021800 ms)

AssetImportParameters requested are different than current active one (requested -> active):
  custom:framework-win-MediaFoundation: 216162199b28c13a410421893ffa2e32 -> 
  custom:video-decoder-ogg-theora: a1e56fd34408186e4bbccfd4996cb3dc -> 
  custom:container-muxer-webm: aa71ff27fc2769a1b78a27578f13a17b -> 
  custom:container-demuxer-webm: 4f35f7cbe854078d1ac9338744f61a02 -> 
  custom:container-demuxer-ogg: 62fdf1f143b41e24485cea50d1cbac27 -> 
  custom:video-encoder-webm-vp8: eb34c28f22e8b96e1ab97ce403110664 -> 
  custom:video-codec-MediaFoundation-h265: 746d11721c4dcdbdad8f713fa42b33f4 -> 
  custom:video-decoder-webm-vp8: 9c59270c3fd7afecdb556c50c9e8de78 -> 
  custom:audio-decoder-ogg-vorbis: bf7c407c2cedff20999df2af8eb42d56 -> 
  custom:audio-encoder-webm-vorbis: bf7c407c2cedff20999df2af8eb42d56 -> 
========================================================================
Received Prepare
Registering precompiled user dll's ...
Registered in 0.005383 seconds.
Begin MonoManager ReloadAssembly
Native extension for WindowsStandalone target not found
Refreshing native plugins compatible for Editor in 1.44 ms, found 5 plugins.
Preloading 0 native plugins for Editor in 0.00 ms.
Mono: successfully reloaded assembly
- Completed reload, in  1.433 seconds
Domain Reload Profiling:
	ReloadAssembly (1434ms)
		BeginReloadAssembly (147ms)
			ExecutionOrderSort (0ms)
			DisableScriptedObjects (11ms)
			BackupInstance (0ms)
			ReleaseScriptingObjects (0ms)
			CreateAndSetChildDomain (50ms)
		EndReloadAssembly (1215ms)
			LoadAssemblies (119ms)
			RebuildTransferFunctionScriptingTraits (0ms)
			SetupTypeCache (434ms)
			ReleaseScriptCaches (2ms)
			RebuildScriptCaches (59ms)
			SetupLoadedEditorAssemblies (412ms)
				LogAssemblyErrors (0ms)
				InitializePlatformSupportModulesInManaged (5ms)
				SetLoadedEditorAssemblies (1ms)
				RefreshPlugins (2ms)
				BeforeProcessingInitializeOnLoad (138ms)
				ProcessInitializeOnLoadAttributes (250ms)
				ProcessInitializeOnLoadMethodAttributes (9ms)
				AfterProcessingInitializeOnLoad (8ms)
				EditorAssembliesLoaded (0ms)
			ExecutionOrderSort2 (0ms)
			AwakeInstancesAfterBackupRestoration (17ms)
Platform modules already initialized, skipping
Refreshing native plugins compatible for Editor in 0.92 ms, found 5 plugins.
Preloading 0 native plugins for Editor in 0.00 ms.
Unloading 3081 Unused Serialized files (Serialized files now loaded: 0)
System memory in use before: 142.4 MB.
System memory in use after: 142.6 MB.

Unloading 23 unused Assets to reduce memory usage. Loaded Objects now: 3756.
Total: 3.393600 ms (FindLiveObjects: 0.247900 ms CreateObjectMapping: 0.159500 ms MarkObjects: 2.968600 ms  DeleteObjects: 0.016400 ms)

AssetImportParameters requested are different than current active one (requested -> active):
  custom:framework-win-MediaFoundation: 216162199b28c13a410421893ffa2e32 -> 
  custom:video-decoder-ogg-theora: a1e56fd34408186e4bbccfd4996cb3dc -> 
  custom:container-muxer-webm: aa71ff27fc2769a1b78a27578f13a17b -> 
  custom:container-demuxer-webm: 4f35f7cbe854078d1ac9338744f61a02 -> 
  custom:container-demuxer-ogg: 62fdf1f143b41e24485cea50d1cbac27 -> 
  custom:video-encoder-webm-vp8: eb34c28f22e8b96e1ab97ce403110664 -> 
  custom:video-codec-MediaFoundation-h265: 746d11721c4dcdbdad8f713fa42b33f4 -> 
  custom:video-decoder-webm-vp8: 9c59270c3fd7afecdb556c50c9e8de78 -> 
  custom:audio-decoder-ogg-vorbis: bf7c407c2cedff20999df2af8eb42d56 -> 
  custom:audio-encoder-webm-vorbis: bf7c407c2cedff20999df2af8eb42d56 -> 
========================================================================
Received Import Request.
  Time since last request: 595.446183 seconds.
  path: Assets/Font Asset/JosefinSans-Light SDF.asset
  artifactKey: Guid(25f2bec5fc98ae940b56fb36f67b74fd) Importer(815301076,1909f56bfc062723c751e8b465ee728b)
Start importing Assets/Font Asset/JosefinSans-Light SDF.asset using Guid(25f2bec5fc98ae940b56fb36f67b74fd) Importer(815301076,1909f56bfc062723c751e8b465ee728b)  -> (artifact id: 'da4baf2326e2fcf905843283fb82eb7e') in 0.268099 seconds 
  Import took 0.275693 seconds .

========================================================================
Received Prepare
Registering precompiled user dll's ...
Registered in 0.007071 seconds.
Begin MonoManager ReloadAssembly
Native extension for WindowsStandalone target not found
Refreshing native plugins compatible for Editor in 0.68 ms, found 5 plugins.
Preloading 0 native plugins for Editor in 0.00 ms.
Mono: successfully reloaded assembly
- Completed reload, in  1.507 seconds
Domain Reload Profiling:
	ReloadAssembly (1508ms)
		BeginReloadAssembly (195ms)
			ExecutionOrderSort (0ms)
			DisableScriptedObjects (8ms)
			BackupInstance (0ms)
			ReleaseScriptingObjects (0ms)
			CreateAndSetChildDomain (68ms)
		EndReloadAssembly (1216ms)
			LoadAssemblies (149ms)
			RebuildTransferFunctionScriptingTraits (0ms)
			SetupTypeCache (437ms)
			ReleaseScriptCaches (2ms)
			RebuildScriptCaches (58ms)
			SetupLoadedEditorAssemblies (423ms)
				LogAssemblyErrors (0ms)
				InitializePlatformSupportModulesInManaged (4ms)
				SetLoadedEditorAssemblies (0ms)
				RefreshPlugins (1ms)
				BeforeProcessingInitializeOnLoad (112ms)
				ProcessInitializeOnLoadAttributes (278ms)
				ProcessInitializeOnLoadMethodAttributes (13ms)
				AfterProcessingInitializeOnLoad (14ms)
				EditorAssembliesLoaded (0ms)
			ExecutionOrderSort2 (0ms)
			AwakeInstancesAfterBackupRestoration (19ms)
Platform modules already initialized, skipping
Refreshing native plugins compatible for Editor in 0.91 ms, found 5 plugins.
Preloading 0 native plugins for Editor in 0.00 ms.
Unloading 3081 Unused Serialized files (Serialized files now loaded: 0)
System memory in use before: 142.5 MB.
System memory in use after: 142.7 MB.

Unloading 23 unused Assets to reduce memory usage. Loaded Objects now: 3795.
Total: 4.332400 ms (FindLiveObjects: 0.344100 ms CreateObjectMapping: 0.202700 ms MarkObjects: 3.757500 ms  DeleteObjects: 0.026200 ms)

AssetImportParameters requested are different than current active one (requested -> active):
  custom:framework-win-MediaFoundation: 216162199b28c13a410421893ffa2e32 -> 
  custom:video-decoder-ogg-theora: a1e56fd34408186e4bbccfd4996cb3dc -> 
  custom:container-muxer-webm: aa71ff27fc2769a1b78a27578f13a17b -> 
  custom:container-demuxer-webm: 4f35f7cbe854078d1ac9338744f61a02 -> 
  custom:container-demuxer-ogg: 62fdf1f143b41e24485cea50d1cbac27 -> 
  custom:video-encoder-webm-vp8: eb34c28f22e8b96e1ab97ce403110664 -> 
  custom:video-codec-MediaFoundation-h265: 746d11721c4dcdbdad8f713fa42b33f4 -> 
  custom:video-decoder-webm-vp8: 9c59270c3fd7afecdb556c50c9e8de78 -> 
  custom:audio-decoder-ogg-vorbis: bf7c407c2cedff20999df2af8eb42d56 -> 
  custom:audio-encoder-webm-vorbis: bf7c407c2cedff20999df2af8eb42d56 -> 
========================================================================
Received Import Request.
  Time since last request: 93.024451 seconds.
  path: Assets/Fonts/Space_Mono/SpaceMono-Bold.ttf
  artifactKey: Guid(bfe66311d71acc74e8387a010bb4f03d) Importer(815301076,1909f56bfc062723c751e8b465ee728b)
Start importing Assets/Fonts/Space_Mono/SpaceMono-Bold.ttf using Guid(bfe66311d71acc74e8387a010bb4f03d) Importer(815301076,1909f56bfc062723c751e8b465ee728b)  -> (artifact id: '566eac55168d8297950d281797f02fb7') in 0.179183 seconds 
  Import took 0.239144 seconds .

========================================================================
Received Import Request.
  Time since last request: 0.000245 seconds.
  path: Assets/Fonts/Space_Mono/SpaceMono-Italic.ttf
  artifactKey: Guid(5cfa00dc777d2d24fa5bd479e6f9830b) Importer(815301076,1909f56bfc062723c751e8b465ee728b)
Start importing Assets/Fonts/Space_Mono/SpaceMono-Italic.ttf using Guid(5cfa00dc777d2d24fa5bd479e6f9830b) Importer(815301076,1909f56bfc062723c751e8b465ee728b)  -> (artifact id: '3b904525664301b32555aa57cb036eac') in 0.013669 seconds 
  Import took 0.052355 seconds .

========================================================================
Received Import Request.
  Time since last request: 0.000240 seconds.
  path: Assets/Fonts/Space_Mono/SpaceMono-BoldItalic.ttf
  artifactKey: Guid(c12e28e9a36b0f547bd08b4903142909) Importer(815301076,1909f56bfc062723c751e8b465ee728b)
Start importing Assets/Fonts/Space_Mono/SpaceMono-BoldItalic.ttf using Guid(c12e28e9a36b0f547bd08b4903142909) Importer(815301076,1909f56bfc062723c751e8b465ee728b)  -> (artifact id: 'fc397d30c20c2dc24a21394877a59aca') in 0.016752 seconds 
  Import took 0.043736 seconds .

========================================================================
Received Import Request.
  Time since last request: 0.000269 seconds.
  path: Assets/Fonts/Space_Mono/SpaceMono-Regular.ttf
  artifactKey: Guid(59215f39279c724488b905598a8426ef) Importer(815301076,1909f56bfc062723c751e8b465ee728b)
Start importing Assets/Fonts/Space_Mono/SpaceMono-Regular.ttf using Guid(59215f39279c724488b905598a8426ef) Importer(815301076,1909f56bfc062723c751e8b465ee728b)  -> (artifact id: 'ef635b1b6195f53def6cfd8720ed6b94') in 0.013792 seconds 
  Import took 0.104775 seconds .

========================================================================
Received Import Request.
  Time since last request: 20.256426 seconds.
  path: Assets/Fonts/Space_Mono/SpaceMono-Bold SDF.asset
  artifactKey: Guid(6d5224ae4fde3e240aff2223ea3c5464) Importer(815301076,1909f56bfc062723c751e8b465ee728b)
Start importing Assets/Fonts/Space_Mono/SpaceMono-Bold SDF.asset using Guid(6d5224ae4fde3e240aff2223ea3c5464) Importer(815301076,1909f56bfc062723c751e8b465ee728b)  -> (artifact id: 'fb350530f26d0b57be620965ca4da385') in 0.038913 seconds 
  Import took 0.084459 seconds .

========================================================================
Received Import Request.
  Time since last request: 0.000209 seconds.
  path: Assets/Fonts/Space_Mono/SpaceMono-Italic SDF.asset
  artifactKey: Guid(ddf8982f285201048930e8acc4d612ae) Importer(815301076,1909f56bfc062723c751e8b465ee728b)
Start importing Assets/Fonts/Space_Mono/SpaceMono-Italic SDF.asset using Guid(ddf8982f285201048930e8acc4d612ae) Importer(815301076,1909f56bfc062723c751e8b465ee728b)  -> (artifact id: '433c7d5a64e4d78921179af30914eccc') in 0.014988 seconds 
  Import took 0.039917 seconds .

========================================================================
Received Import Request.
  Time since last request: 0.000304 seconds.
  path: Assets/Fonts/Space_Mono/SpaceMono-Regular SDF.asset
  artifactKey: Guid(05fd91440b036dc40a80819ccddfc61b) Importer(815301076,1909f56bfc062723c751e8b465ee728b)
Start importing Assets/Fonts/Space_Mono/SpaceMono-Regular SDF.asset using Guid(05fd91440b036dc40a80819ccddfc61b) Importer(815301076,1909f56bfc062723c751e8b465ee728b)  -> (artifact id: 'b8a082bd03f32c142dacdc9a2f3dd1b8') in 0.014550 seconds 
  Import took 0.020084 seconds .

========================================================================
Received Import Request.
  Time since last request: 0.000297 seconds.
  path: Assets/Fonts/Space_Mono/SpaceMono-BoldItalic SDF.asset
  artifactKey: Guid(eb81141e7eef7e64c81629c7eac98f27) Importer(815301076,1909f56bfc062723c751e8b465ee728b)
Start importing Assets/Fonts/Space_Mono/SpaceMono-BoldItalic SDF.asset using Guid(eb81141e7eef7e64c81629c7eac98f27) Importer(815301076,1909f56bfc062723c751e8b465ee728b)  -> (artifact id: 'a30d54928109bcf32006f45577cf610d') in 0.018903 seconds 
  Import took 0.065252 seconds .

========================================================================
Received Prepare
Registering precompiled user dll's ...
Registered in 0.011354 seconds.
Begin MonoManager ReloadAssembly
Native extension for WindowsStandalone target not found
Refreshing native plugins compatible for Editor in 0.59 ms, found 5 plugins.
Preloading 0 native plugins for Editor in 0.00 ms.
Mono: successfully reloaded assembly
- Completed reload, in  1.508 seconds
Domain Reload Profiling:
	ReloadAssembly (1508ms)
		BeginReloadAssembly (158ms)
			ExecutionOrderSort (0ms)
			DisableScriptedObjects (7ms)
			BackupInstance (0ms)
			ReleaseScriptingObjects (0ms)
			CreateAndSetChildDomain (39ms)
		EndReloadAssembly (1206ms)
			LoadAssemblies (223ms)
			RebuildTransferFunctionScriptingTraits (0ms)
			SetupTypeCache (417ms)
			ReleaseScriptCaches (2ms)
			RebuildScriptCaches (66ms)
			SetupLoadedEditorAssemblies (356ms)
				LogAssemblyErrors (0ms)
				InitializePlatformSupportModulesInManaged (3ms)
				SetLoadedEditorAssemblies (0ms)
				RefreshPlugins (1ms)
				BeforeProcessingInitializeOnLoad (97ms)
				ProcessInitializeOnLoadAttributes (236ms)
				ProcessInitializeOnLoadMethodAttributes (10ms)
				AfterProcessingInitializeOnLoad (10ms)
				EditorAssembliesLoaded (0ms)
			ExecutionOrderSort2 (0ms)
			AwakeInstancesAfterBackupRestoration (23ms)
Platform modules already initialized, skipping
Refreshing native plugins compatible for Editor in 0.76 ms, found 5 plugins.
Preloading 0 native plugins for Editor in 0.00 ms.
Unloading 3081 Unused Serialized files (Serialized files now loaded: 0)
System memory in use before: 142.6 MB.
System memory in use after: 142.9 MB.

Unloading 23 unused Assets to reduce memory usage. Loaded Objects now: 3834.
Total: 3.953000 ms (FindLiveObjects: 0.287300 ms CreateObjectMapping: 0.176900 ms MarkObjects: 3.466000 ms  DeleteObjects: 0.021700 ms)

AssetImportParameters requested are different than current active one (requested -> active):
  custom:framework-win-MediaFoundation: 216162199b28c13a410421893ffa2e32 -> 
  custom:video-decoder-ogg-theora: a1e56fd34408186e4bbccfd4996cb3dc -> 
  custom:container-muxer-webm: aa71ff27fc2769a1b78a27578f13a17b -> 
  custom:container-demuxer-webm: 4f35f7cbe854078d1ac9338744f61a02 -> 
  custom:container-demuxer-ogg: 62fdf1f143b41e24485cea50d1cbac27 -> 
  custom:video-encoder-webm-vp8: eb34c28f22e8b96e1ab97ce403110664 -> 
  custom:video-codec-MediaFoundation-h265: 746d11721c4dcdbdad8f713fa42b33f4 -> 
  custom:video-decoder-webm-vp8: 9c59270c3fd7afecdb556c50c9e8de78 -> 
  custom:audio-decoder-ogg-vorbis: bf7c407c2cedff20999df2af8eb42d56 -> 
  custom:audio-encoder-webm-vorbis: bf7c407c2cedff20999df2af8eb42d56 -> 
========================================================================
Received Import Request.
  Time since last request: 85.793674 seconds.
  path: Assets/Fonts/Major_Mono_Display/MajorMonoDisplay-Regular.ttf
  artifactKey: Guid(e730c72ad328ad74391d75565d18e4bc) Importer(815301076,1909f56bfc062723c751e8b465ee728b)
Start importing Assets/Fonts/Major_Mono_Display/MajorMonoDisplay-Regular.ttf using Guid(e730c72ad328ad74391d75565d18e4bc) Importer(815301076,1909f56bfc062723c751e8b465ee728b)  -> (artifact id: 'ebe02e298a184fa0e436341b92637d8c') in 0.189898 seconds 
  Import took 0.232793 seconds .

========================================================================
Received Import Request.
  Time since last request: 3.996367 seconds.
  path: Assets/Fonts/Major_Mono_Display/MajorMonoDisplay-Regular SDF.asset
  artifactKey: Guid(baf10d4fe56bd2c469b3575b5d393dc0) Importer(815301076,1909f56bfc062723c751e8b465ee728b)
Start importing Assets/Fonts/Major_Mono_Display/MajorMonoDisplay-Regular SDF.asset using Guid(baf10d4fe56bd2c469b3575b5d393dc0) Importer(815301076,1909f56bfc062723c751e8b465ee728b)  -> (artifact id: 'ae994c9072f1ff08db8eeb5a73a60dfe') in 0.032114 seconds 
  Import took 0.056069 seconds .

========================================================================
Received Import Request.
  Time since last request: 2.417466 seconds.
  path: Assets/Font Asset/SpaceMono-Bold SDF.asset
  artifactKey: Guid(6d5224ae4fde3e240aff2223ea3c5464) Importer(815301076,1909f56bfc062723c751e8b465ee728b)
Start importing Assets/Font Asset/SpaceMono-Bold SDF.asset using Guid(6d5224ae4fde3e240aff2223ea3c5464) Importer(815301076,1909f56bfc062723c751e8b465ee728b)  -> (artifact id: '31d69e41b88d0eadec357d90e74df361') in 0.032561 seconds 
  Import took 0.038155 seconds .

========================================================================
Received Import Request.
  Time since last request: 0.000270 seconds.
  path: Assets/Font Asset/SpaceMono-Italic SDF.asset
  artifactKey: Guid(ddf8982f285201048930e8acc4d612ae) Importer(815301076,1909f56bfc062723c751e8b465ee728b)
Start importing Assets/Font Asset/SpaceMono-Italic SDF.asset using Guid(ddf8982f285201048930e8acc4d612ae) Importer(815301076,1909f56bfc062723c751e8b465ee728b)  -> (artifact id: '9cd34f43a7ebb43163a57e501626ec6b') in 0.035708 seconds 
  Import took 0.095778 seconds .

========================================================================
Received Import Request.
  Time since last request: 0.000310 seconds.
  path: Assets/Font Asset/SpaceMono-Regular SDF.asset
  artifactKey: Guid(05fd91440b036dc40a80819ccddfc61b) Importer(815301076,1909f56bfc062723c751e8b465ee728b)
Start importing Assets/Font Asset/SpaceMono-Regular SDF.asset using Guid(05fd91440b036dc40a80819ccddfc61b) Importer(815301076,1909f56bfc062723c751e8b465ee728b)  -> (artifact id: '1740a1042a52e04803b52ca235f6d31c') in 0.034858 seconds 
  Import took 0.049011 seconds .

========================================================================
Received Import Request.
  Time since last request: 0.000299 seconds.
  path: Assets/Font Asset/SpaceMono-BoldItalic SDF.asset
  artifactKey: Guid(eb81141e7eef7e64c81629c7eac98f27) Importer(815301076,1909f56bfc062723c751e8b465ee728b)
Start importing Assets/Font Asset/SpaceMono-BoldItalic SDF.asset using Guid(eb81141e7eef7e64c81629c7eac98f27) Importer(815301076,1909f56bfc062723c751e8b465ee728b)  -> (artifact id: '3321b7395727900668724d0a9b2fe6ba') in 0.034443 seconds 
  Import took 0.051249 seconds .

========================================================================
Received Prepare
Registering precompiled user dll's ...
Registered in 0.009145 seconds.
Begin MonoManager ReloadAssembly
Native extension for WindowsStandalone target not found
Refreshing native plugins compatible for Editor in 0.68 ms, found 5 plugins.
Preloading 0 native plugins for Editor in 0.00 ms.
Mono: successfully reloaded assembly
- Completed reload, in  1.096 seconds
Domain Reload Profiling:
	ReloadAssembly (1096ms)
		BeginReloadAssembly (111ms)
			ExecutionOrderSort (0ms)
			DisableScriptedObjects (6ms)
			BackupInstance (0ms)
			ReleaseScriptingObjects (0ms)
			CreateAndSetChildDomain (33ms)
		EndReloadAssembly (915ms)
			LoadAssemblies (89ms)
			RebuildTransferFunctionScriptingTraits (0ms)
			SetupTypeCache (321ms)
			ReleaseScriptCaches (1ms)
			RebuildScriptCaches (58ms)
			SetupLoadedEditorAssemblies (307ms)
				LogAssemblyErrors (0ms)
				InitializePlatformSupportModulesInManaged (5ms)
				SetLoadedEditorAssemblies (0ms)
				RefreshPlugins (1ms)
				BeforeProcessingInitializeOnLoad (95ms)
				ProcessInitializeOnLoadAttributes (189ms)
				ProcessInitializeOnLoadMethodAttributes (8ms)
				AfterProcessingInitializeOnLoad (8ms)
				EditorAssembliesLoaded (0ms)
			ExecutionOrderSort2 (0ms)
			AwakeInstancesAfterBackupRestoration (16ms)
Platform modules already initialized, skipping
Refreshing native plugins compatible for Editor in 0.67 ms, found 5 plugins.
Preloading 0 native plugins for Editor in 0.00 ms.
Unloading 3081 Unused Serialized files (Serialized files now loaded: 0)
System memory in use before: 142.8 MB.
System memory in use after: 143.0 MB.

Unloading 23 unused Assets to reduce memory usage. Loaded Objects now: 3873.
Total: 3.245100 ms (FindLiveObjects: 0.258000 ms CreateObjectMapping: 0.121200 ms MarkObjects: 2.849600 ms  DeleteObjects: 0.015600 ms)

AssetImportParameters requested are different than current active one (requested -> active):
  custom:framework-win-MediaFoundation: 216162199b28c13a410421893ffa2e32 -> 
  custom:video-decoder-ogg-theora: a1e56fd34408186e4bbccfd4996cb3dc -> 
  custom:container-muxer-webm: aa71ff27fc2769a1b78a27578f13a17b -> 
  custom:container-demuxer-webm: 4f35f7cbe854078d1ac9338744f61a02 -> 
  custom:container-demuxer-ogg: 62fdf1f143b41e24485cea50d1cbac27 -> 
  custom:video-encoder-webm-vp8: eb34c28f22e8b96e1ab97ce403110664 -> 
  custom:video-codec-MediaFoundation-h265: 746d11721c4dcdbdad8f713fa42b33f4 -> 
  custom:video-decoder-webm-vp8: 9c59270c3fd7afecdb556c50c9e8de78 -> 
  custom:audio-decoder-ogg-vorbis: bf7c407c2cedff20999df2af8eb42d56 -> 
  custom:audio-encoder-webm-vorbis: bf7c407c2cedff20999df2af8eb42d56 -> 
AssetImportWorkerClient::OnTransportError - code=2 error=End of file
