Using pre-set license
Built from '2020.3/staging' branch; Version is '2020.3.26f1 (7298b473bc1a) revision 7510196'; Using compiler version '192528614'; Build Type 'Release'
OS: 'Windows 10  (10.0.19043) 64bit CoreSingleLanguage' Language: 'en' Physical Memory: 12140 MB
BatchMode: 1, IsHumanControllingUs: 0, StartBugReporterOnCrash: 0, Is64bit: 1, IsPro: 0

COMMAND LINE ARGUMENTS:
C:\Program Files\Unity\Hub\Editor\2020.3.26f1\Editor\Unity.exe
-adb2
-batchMode
-noUpm
-name
AssetImportWorker0
-projectPath
D:/Projects/Code/Unity/Solar-System
-logFile
Logs/AssetImportWorker0.log
-srvPort
51219
Successfully changed project path to: D:/Projects/Code/Unity/Solar-System
D:/Projects/Code/Unity/Solar-System
Using Asset Import Pipeline V2.
Refreshing native plugins compatible for Editor in 105.73 ms, found 5 plugins.
Preloading 0 native plugins for Editor in 0.00 ms.
Initialize engine version: 2020.3.26f1 (7298b473bc1a)
[Subsystems] Discovering subsystems at path C:/Program Files/Unity/Hub/Editor/2020.3.26f1/Editor/Data/Resources/UnitySubsystems
[Subsystems] Discovering subsystems at path D:/Projects/Code/Unity/Solar-System/Assets
GfxDevice: creating device client; threaded=0
Direct3D:
    Version:  Direct3D 11.0 [level 11.1]
    Renderer: NVIDIA GeForce GTX 1650 (ID=0x1f91)
    Vendor:   
    VRAM:     3962 MB
    Driver:   30.0.15.1165
Initialize mono
Mono path[0] = 'C:/Program Files/Unity/Hub/Editor/2020.3.26f1/Editor/Data/Managed'
Mono path[1] = 'C:/Program Files/Unity/Hub/Editor/2020.3.26f1/Editor/Data/MonoBleedingEdge/lib/mono/unityjit'
Mono config path = 'C:/Program Files/Unity/Hub/Editor/2020.3.26f1/Editor/Data/MonoBleedingEdge/etc'
Using monoOptions --debugger-agent=transport=dt_socket,embedding=1,server=y,suspend=n,address=127.0.0.1:56540
Begin MonoManager ReloadAssembly
Registering precompiled unity dll's ...
Register platform support module: C:/Program Files/Unity/Hub/Editor/2020.3.26f1/Editor/Data/PlaybackEngines/WindowsStandaloneSupport/UnityEditor.WindowsStandalone.Extensions.dll
Registered in 0.004172 seconds.
Native extension for WindowsStandalone target not found
Refreshing native plugins compatible for Editor in 113.26 ms, found 5 plugins.
Preloading 0 native plugins for Editor in 0.00 ms.
Mono: successfully reloaded assembly
- Completed reload, in  1.037 seconds
Domain Reload Profiling:
	ReloadAssembly (1038ms)
		BeginReloadAssembly (108ms)
			ExecutionOrderSort (0ms)
			DisableScriptedObjects (0ms)
			BackupInstance (0ms)
			ReleaseScriptingObjects (0ms)
			CreateAndSetChildDomain (1ms)
		EndReloadAssembly (808ms)
			LoadAssemblies (104ms)
			RebuildTransferFunctionScriptingTraits (0ms)
			SetupTypeCache (249ms)
			ReleaseScriptCaches (0ms)
			RebuildScriptCaches (43ms)
			SetupLoadedEditorAssemblies (359ms)
				LogAssemblyErrors (0ms)
				InitializePlatformSupportModulesInManaged (6ms)
				SetLoadedEditorAssemblies (1ms)
				RefreshPlugins (113ms)
				BeforeProcessingInitializeOnLoad (23ms)
				ProcessInitializeOnLoadAttributes (158ms)
				ProcessInitializeOnLoadMethodAttributes (57ms)
				AfterProcessingInitializeOnLoad (0ms)
				EditorAssembliesLoaded (0ms)
			ExecutionOrderSort2 (0ms)
			AwakeInstancesAfterBackupRestoration (0ms)
Platform modules already initialized, skipping
Registering precompiled user dll's ...
Registered in 0.013748 seconds.
Begin MonoManager ReloadAssembly
Native extension for WindowsStandalone target not found
Refreshing native plugins compatible for Editor in 89.98 ms, found 5 plugins.
Preloading 0 native plugins for Editor in 0.00 ms.
Mono: successfully reloaded assembly
- Completed reload, in  1.926 seconds
Domain Reload Profiling:
	ReloadAssembly (1927ms)
		BeginReloadAssembly (255ms)
			ExecutionOrderSort (0ms)
			DisableScriptedObjects (8ms)
			BackupInstance (0ms)
			ReleaseScriptingObjects (0ms)
			CreateAndSetChildDomain (24ms)
		EndReloadAssembly (1564ms)
			LoadAssemblies (189ms)
			RebuildTransferFunctionScriptingTraits (0ms)
			SetupTypeCache (576ms)
			ReleaseScriptCaches (1ms)
			RebuildScriptCaches (84ms)
			SetupLoadedEditorAssemblies (547ms)
				LogAssemblyErrors (0ms)
				InitializePlatformSupportModulesInManaged (7ms)
				SetLoadedEditorAssemblies (0ms)
				RefreshPlugins (90ms)
				BeforeProcessingInitializeOnLoad (132ms)
				ProcessInitializeOnLoadAttributes (290ms)
				ProcessInitializeOnLoadMethodAttributes (12ms)
				AfterProcessingInitializeOnLoad (15ms)
				EditorAssembliesLoaded (0ms)
			ExecutionOrderSort2 (0ms)
			AwakeInstancesAfterBackupRestoration (9ms)
Platform modules already initialized, skipping
========================================================================
Worker process is ready to serve import requests
Launched and connected shader compiler UnityShaderCompiler.exe after 0.11 seconds
Refreshing native plugins compatible for Editor in 0.74 ms, found 5 plugins.
Preloading 0 native plugins for Editor in 0.00 ms.
Unloading 3238 Unused Serialized files (Serialized files now loaded: 0)
System memory in use before: 149.0 MB.
System memory in use after: 149.2 MB.

Unloading 28 unused Assets to reduce memory usage. Loaded Objects now: 3666.
Total: 3.634100 ms (FindLiveObjects: 0.253200 ms CreateObjectMapping: 0.165100 ms MarkObjects: 3.118600 ms  DeleteObjects: 0.096200 ms)

AssetImportParameters requested are different than current active one (requested -> active):
  custom:framework-win-MediaFoundation: 216162199b28c13a410421893ffa2e32 -> 
  custom:video-decoder-ogg-theora: a1e56fd34408186e4bbccfd4996cb3dc -> 
  custom:container-muxer-webm: aa71ff27fc2769a1b78a27578f13a17b -> 
  custom:container-demuxer-webm: 4f35f7cbe854078d1ac9338744f61a02 -> 
  custom:container-demuxer-ogg: 62fdf1f143b41e24485cea50d1cbac27 -> 
  custom:video-encoder-webm-vp8: eb34c28f22e8b96e1ab97ce403110664 -> 
  custom:video-codec-MediaFoundation-h265: 746d11721c4dcdbdad8f713fa42b33f4 -> 
  custom:video-decoder-webm-vp8: 9c59270c3fd7afecdb556c50c9e8de78 -> 
  custom:audio-decoder-ogg-vorbis: bf7c407c2cedff20999df2af8eb42d56 -> 
  custom:audio-encoder-webm-vorbis: bf7c407c2cedff20999df2af8eb42d56 -> 
========================================================================
Received Import Request.
  path: Assets/Fonts/Source_Code_Pro/static/SourceCodePro-ExtraLight.ttf
  artifactKey: Guid(7a201cf502b6f434798094c1e0831a04) Importer(815301076,1909f56bfc062723c751e8b465ee728b)
Start importing Assets/Fonts/Source_Code_Pro/static/SourceCodePro-ExtraLight.ttf using Guid(7a201cf502b6f434798094c1e0831a04) Importer(815301076,1909f56bfc062723c751e8b465ee728b)  -> (artifact id: '48456d2317ae0e77f040f6886742c12f') in 0.293713 seconds 
  Import took 0.300108 seconds .

========================================================================
Received Import Request.
  Time since last request: 0.000359 seconds.
  path: Assets/Fonts/Source_Code_Pro/static/SourceCodePro-Black.ttf
  artifactKey: Guid(d689e2921d6690a42973b6f95105e88a) Importer(815301076,1909f56bfc062723c751e8b465ee728b)
Start importing Assets/Fonts/Source_Code_Pro/static/SourceCodePro-Black.ttf using Guid(d689e2921d6690a42973b6f95105e88a) Importer(815301076,1909f56bfc062723c751e8b465ee728b)  -> (artifact id: '6bc25e947efe5365ec6877b497e61f72') in 0.012916 seconds 
  Import took 0.018767 seconds .

========================================================================
Received Import Request.
  Time since last request: 0.000310 seconds.
  path: Assets/Fonts/Source_Code_Pro/SourceCodePro-VariableFont_wght.ttf
  artifactKey: Guid(e0b482c56ad70464fa39288396bfefd0) Importer(815301076,1909f56bfc062723c751e8b465ee728b)
Start importing Assets/Fonts/Source_Code_Pro/SourceCodePro-VariableFont_wght.ttf using Guid(e0b482c56ad70464fa39288396bfefd0) Importer(815301076,1909f56bfc062723c751e8b465ee728b)  -> (artifact id: '2cbbd296e4eadb02575f3f1a8c1e5996') in 0.010775 seconds 
  Import took 0.015913 seconds .

========================================================================
Received Import Request.
  Time since last request: 0.000306 seconds.
  path: Assets/Fonts/Source_Code_Pro/static/SourceCodePro-ExtraLightItalic.ttf
  artifactKey: Guid(8184c1d7edd391c43bf09d582cec5d51) Importer(815301076,1909f56bfc062723c751e8b465ee728b)
Start importing Assets/Fonts/Source_Code_Pro/static/SourceCodePro-ExtraLightItalic.ttf using Guid(8184c1d7edd391c43bf09d582cec5d51) Importer(815301076,1909f56bfc062723c751e8b465ee728b)  -> (artifact id: '35126f59113206e9776aa90776207b8a') in 0.009978 seconds 
  Import took 0.014586 seconds .

========================================================================
Received Import Request.
  Time since last request: 0.000298 seconds.
  path: Assets/Fonts/Source_Code_Pro/static/SourceCodePro-ExtraBold.ttf
  artifactKey: Guid(b8c29d39a22b81c48972cb3227194b53) Importer(815301076,1909f56bfc062723c751e8b465ee728b)
Start importing Assets/Fonts/Source_Code_Pro/static/SourceCodePro-ExtraBold.ttf using Guid(b8c29d39a22b81c48972cb3227194b53) Importer(815301076,1909f56bfc062723c751e8b465ee728b)  -> (artifact id: 'eb9b3e44aebcef5afcb2c63162a18889') in 0.011148 seconds 
  Import took 0.016494 seconds .

========================================================================
Received Import Request.
  Time since last request: 0.000267 seconds.
  path: Assets/Fonts/Source_Code_Pro/static/SourceCodePro-Light.ttf
  artifactKey: Guid(de9d2bc5d5b54fa40b71ce0fb18d7758) Importer(815301076,1909f56bfc062723c751e8b465ee728b)
Start importing Assets/Fonts/Source_Code_Pro/static/SourceCodePro-Light.ttf using Guid(de9d2bc5d5b54fa40b71ce0fb18d7758) Importer(815301076,1909f56bfc062723c751e8b465ee728b)  -> (artifact id: '1faf8adf783191e2fb6c086214becbb8') in 0.010279 seconds 
  Import took 0.015197 seconds .

========================================================================
Received Import Request.
  Time since last request: 0.000304 seconds.
  path: Assets/Fonts/Source_Code_Pro/static/SourceCodePro-SemiBoldItalic.ttf
  artifactKey: Guid(cc09086b82954c6409f804f03d215ea0) Importer(815301076,1909f56bfc062723c751e8b465ee728b)
Start importing Assets/Fonts/Source_Code_Pro/static/SourceCodePro-SemiBoldItalic.ttf using Guid(cc09086b82954c6409f804f03d215ea0) Importer(815301076,1909f56bfc062723c751e8b465ee728b)  -> (artifact id: '29574b49939c45600da8e63fce5fdd99') in 0.010064 seconds 
  Import took 0.046594 seconds .

========================================================================
Received Import Request.
  Time since last request: 0.000235 seconds.
  path: Assets/Fonts/Source_Code_Pro/static/SourceCodePro-Regular.ttf
  artifactKey: Guid(9c587c3bf904728409450047a2ccc8b0) Importer(815301076,1909f56bfc062723c751e8b465ee728b)
Start importing Assets/Fonts/Source_Code_Pro/static/SourceCodePro-Regular.ttf using Guid(9c587c3bf904728409450047a2ccc8b0) Importer(815301076,1909f56bfc062723c751e8b465ee728b)  -> (artifact id: '436d5d5af42878d60eac260a277f1c6c') in 0.010544 seconds 
  Import took 0.016133 seconds .

========================================================================
Received Import Request.
  Time since last request: 0.000256 seconds.
  path: Assets/Fonts/Source_Code_Pro/static/SourceCodePro-LightItalic.ttf
  artifactKey: Guid(ba85257405a693f4da1c047bdac55de3) Importer(815301076,1909f56bfc062723c751e8b465ee728b)
Start importing Assets/Fonts/Source_Code_Pro/static/SourceCodePro-LightItalic.ttf using Guid(ba85257405a693f4da1c047bdac55de3) Importer(815301076,1909f56bfc062723c751e8b465ee728b)  -> (artifact id: '0a86b270ba16921ca9d49057782b9cde') in 0.010271 seconds 
  Import took 0.050228 seconds .

========================================================================
Received Import Request.
  Time since last request: 0.000310 seconds.
  path: Assets/Fonts/Source_Code_Pro/static/SourceCodePro-Medium.ttf
  artifactKey: Guid(64f101b951ebdea42afe2c5775eea719) Importer(815301076,1909f56bfc062723c751e8b465ee728b)
Start importing Assets/Fonts/Source_Code_Pro/static/SourceCodePro-Medium.ttf using Guid(64f101b951ebdea42afe2c5775eea719) Importer(815301076,1909f56bfc062723c751e8b465ee728b)  -> (artifact id: '3f34d053a67bdcbfcce8d691b8aa6fed') in 0.009960 seconds 
  Import took 0.014328 seconds .

========================================================================
Received Import Request.
  Time since last request: 0.000389 seconds.
  path: Assets/Fonts/Source_Code_Pro/static/SourceCodePro-MediumItalic.ttf
  artifactKey: Guid(c8f9caec3a7e88346bc69e7e0162e503) Importer(815301076,1909f56bfc062723c751e8b465ee728b)
Start importing Assets/Fonts/Source_Code_Pro/static/SourceCodePro-MediumItalic.ttf using Guid(c8f9caec3a7e88346bc69e7e0162e503) Importer(815301076,1909f56bfc062723c751e8b465ee728b)  -> (artifact id: 'ac4d3f915136195a5a12c31176219d5d') in 0.010389 seconds 
  Import took 0.015451 seconds .

========================================================================
Received Import Request.
  Time since last request: 0.000244 seconds.
  path: Assets/Fonts/Source_Code_Pro/static/SourceCodePro-ExtraBoldItalic.ttf
  artifactKey: Guid(1de9aebce64dd5c4782b96993ada7e62) Importer(815301076,1909f56bfc062723c751e8b465ee728b)
Start importing Assets/Fonts/Source_Code_Pro/static/SourceCodePro-ExtraBoldItalic.ttf using Guid(1de9aebce64dd5c4782b96993ada7e62) Importer(815301076,1909f56bfc062723c751e8b465ee728b)  -> (artifact id: '1af1ab16b48a820e4e862adf4af268ea') in 0.010207 seconds 
  Import took 0.015002 seconds .

========================================================================
Received Import Request.
  Time since last request: 0.000254 seconds.
  path: Assets/Fonts/Source_Code_Pro/static/SourceCodePro-Bold.ttf
  artifactKey: Guid(f3ddb04309939ee4e906edecf3e335e5) Importer(815301076,1909f56bfc062723c751e8b465ee728b)
Start importing Assets/Fonts/Source_Code_Pro/static/SourceCodePro-Bold.ttf using Guid(f3ddb04309939ee4e906edecf3e335e5) Importer(815301076,1909f56bfc062723c751e8b465ee728b)  -> (artifact id: 'e09da82b94ff4471426a326b09344e5a') in 0.011728 seconds 
  Import took 0.029364 seconds .

========================================================================
Received Import Request.
  Time since last request: 0.000314 seconds.
  path: Assets/Fonts/Source_Code_Pro/SourceCodePro-Italic-VariableFont_wght.ttf
  artifactKey: Guid(af97c6e31b5b3a345a4ca0b417f2c8d0) Importer(815301076,1909f56bfc062723c751e8b465ee728b)
Start importing Assets/Fonts/Source_Code_Pro/SourceCodePro-Italic-VariableFont_wght.ttf using Guid(af97c6e31b5b3a345a4ca0b417f2c8d0) Importer(815301076,1909f56bfc062723c751e8b465ee728b)  -> (artifact id: '66a3b8a4e8226ed21bde226cc3ba1773') in 0.010225 seconds 
  Import took 0.015044 seconds .

========================================================================
Received Import Request.
  Time since last request: 0.000215 seconds.
  path: Assets/Fonts/Source_Code_Pro/static/SourceCodePro-BoldItalic.ttf
  artifactKey: Guid(219767c0eb6bd6747b054d9c3a3cce86) Importer(815301076,1909f56bfc062723c751e8b465ee728b)
Start importing Assets/Fonts/Source_Code_Pro/static/SourceCodePro-BoldItalic.ttf using Guid(219767c0eb6bd6747b054d9c3a3cce86) Importer(815301076,1909f56bfc062723c751e8b465ee728b)  -> (artifact id: 'cd3652701922fe5ad7ec4bf258316355') in 0.011740 seconds 
  Import took 0.017363 seconds .

========================================================================
Received Import Request.
  Time since last request: 0.000234 seconds.
  path: Assets/Fonts/Source_Code_Pro/static/SourceCodePro-BlackItalic.ttf
  artifactKey: Guid(cf3e2ba29975ef14790a66c69488891d) Importer(815301076,1909f56bfc062723c751e8b465ee728b)
Start importing Assets/Fonts/Source_Code_Pro/static/SourceCodePro-BlackItalic.ttf using Guid(cf3e2ba29975ef14790a66c69488891d) Importer(815301076,1909f56bfc062723c751e8b465ee728b)  -> (artifact id: '3c409059c771f845a47b6f681ee6775b') in 0.010965 seconds 
  Import took 0.017166 seconds .

========================================================================
Received Import Request.
  Time since last request: 0.000259 seconds.
  path: Assets/Fonts/Source_Code_Pro/static/SourceCodePro-Italic.ttf
  artifactKey: Guid(abc947410236dc54ea6207318ddf2960) Importer(815301076,1909f56bfc062723c751e8b465ee728b)
Start importing Assets/Fonts/Source_Code_Pro/static/SourceCodePro-Italic.ttf using Guid(abc947410236dc54ea6207318ddf2960) Importer(815301076,1909f56bfc062723c751e8b465ee728b)  -> (artifact id: '6d6a424c5bdff5a88903c286930ce2b1') in 0.011742 seconds 
  Import took 0.044157 seconds .

========================================================================
Received Import Request.
  Time since last request: 0.000268 seconds.
  path: Assets/Fonts/Source_Code_Pro/static/SourceCodePro-SemiBold.ttf
  artifactKey: Guid(c4299d29a8d9e2f4b89b189012ec4a7d) Importer(815301076,1909f56bfc062723c751e8b465ee728b)
Start importing Assets/Fonts/Source_Code_Pro/static/SourceCodePro-SemiBold.ttf using Guid(c4299d29a8d9e2f4b89b189012ec4a7d) Importer(815301076,1909f56bfc062723c751e8b465ee728b)  -> (artifact id: '1c6512e75e8a989f256948ca16db55f5') in 0.015034 seconds 
  Import took 0.035824 seconds .

========================================================================
Received Import Request.
  Time since last request: 2.218486 seconds.
  path: Assets/Fonts/Source_Code_Pro/SourceCodePro-Italic-VariableFont_wght SDF.asset
  artifactKey: Guid(aeb338952b8739e42af90a920cb3c3f9) Importer(815301076,1909f56bfc062723c751e8b465ee728b)
Start importing Assets/Fonts/Source_Code_Pro/SourceCodePro-Italic-VariableFont_wght SDF.asset using Guid(aeb338952b8739e42af90a920cb3c3f9) Importer(815301076,1909f56bfc062723c751e8b465ee728b)  -> (artifact id: '68335a8b97578e135893446dd4321289') in 0.054680 seconds 
  Import took 0.121087 seconds .

========================================================================
Received Import Request.
  Time since last request: 53.707205 seconds.
  path: Assets/Font Asset/Major Mono/MajorMonoDisplay-Regular SDF.asset
  artifactKey: Guid(baf10d4fe56bd2c469b3575b5d393dc0) Importer(815301076,1909f56bfc062723c751e8b465ee728b)
Start importing Assets/Font Asset/Major Mono/MajorMonoDisplay-Regular SDF.asset using Guid(baf10d4fe56bd2c469b3575b5d393dc0) Importer(815301076,1909f56bfc062723c751e8b465ee728b)  -> (artifact id: '4767f79f0f6dc660cef7fd7c9be75a2a') in 0.048150 seconds 
  Import took 0.056562 seconds .

========================================================================
Received Import Request.
  Time since last request: 0.000320 seconds.
  path: Assets/Font Asset/SourceCodePro-VariableFont_wght SDF.asset
  artifactKey: Guid(8b904f3046bde6c48b6a4d0f641b10b3) Importer(815301076,1909f56bfc062723c751e8b465ee728b)
Start importing Assets/Font Asset/SourceCodePro-VariableFont_wght SDF.asset using Guid(8b904f3046bde6c48b6a4d0f641b10b3) Importer(815301076,1909f56bfc062723c751e8b465ee728b)  -> (artifact id: '84e84b09610f64a338d4500ec5a56ea2') in 0.023156 seconds 
  Import took 0.032223 seconds .

========================================================================
Received Prepare
Registering precompiled user dll's ...
Registered in 0.138835 seconds.
Begin MonoManager ReloadAssembly
Native extension for WindowsStandalone target not found
Refreshing native plugins compatible for Editor in 0.72 ms, found 5 plugins.
Preloading 0 native plugins for Editor in 0.00 ms.
Mono: successfully reloaded assembly
- Completed reload, in  2.032 seconds
Domain Reload Profiling:
	ReloadAssembly (2033ms)
		BeginReloadAssembly (219ms)
			ExecutionOrderSort (0ms)
			DisableScriptedObjects (13ms)
			BackupInstance (0ms)
			ReleaseScriptingObjects (0ms)
			CreateAndSetChildDomain (64ms)
		EndReloadAssembly (1690ms)
			LoadAssemblies (168ms)
			RebuildTransferFunctionScriptingTraits (0ms)
			SetupTypeCache (581ms)
			ReleaseScriptCaches (1ms)
			RebuildScriptCaches (77ms)
			SetupLoadedEditorAssemblies (564ms)
				LogAssemblyErrors (0ms)
				InitializePlatformSupportModulesInManaged (6ms)
				SetLoadedEditorAssemblies (1ms)
				RefreshPlugins (1ms)
				BeforeProcessingInitializeOnLoad (164ms)
				ProcessInitializeOnLoadAttributes (350ms)
				ProcessInitializeOnLoadMethodAttributes (20ms)
				AfterProcessingInitializeOnLoad (22ms)
				EditorAssembliesLoaded (1ms)
			ExecutionOrderSort2 (0ms)
			AwakeInstancesAfterBackupRestoration (35ms)
Platform modules already initialized, skipping
Refreshing native plugins compatible for Editor in 1.16 ms, found 5 plugins.
Preloading 0 native plugins for Editor in 0.00 ms.
Unloading 3081 Unused Serialized files (Serialized files now loaded: 0)
System memory in use before: 142.6 MB.
System memory in use after: 142.9 MB.

Unloading 23 unused Assets to reduce memory usage. Loaded Objects now: 3750.
Total: 5.948800 ms (FindLiveObjects: 0.507700 ms CreateObjectMapping: 0.281900 ms MarkObjects: 5.128600 ms  DeleteObjects: 0.029200 ms)

AssetImportParameters requested are different than current active one (requested -> active):
  custom:framework-win-MediaFoundation: 216162199b28c13a410421893ffa2e32 -> 
  custom:video-decoder-ogg-theora: a1e56fd34408186e4bbccfd4996cb3dc -> 
  custom:container-muxer-webm: aa71ff27fc2769a1b78a27578f13a17b -> 
  custom:container-demuxer-webm: 4f35f7cbe854078d1ac9338744f61a02 -> 
  custom:container-demuxer-ogg: 62fdf1f143b41e24485cea50d1cbac27 -> 
  custom:video-encoder-webm-vp8: eb34c28f22e8b96e1ab97ce403110664 -> 
  custom:video-codec-MediaFoundation-h265: 746d11721c4dcdbdad8f713fa42b33f4 -> 
  custom:video-decoder-webm-vp8: 9c59270c3fd7afecdb556c50c9e8de78 -> 
  custom:audio-decoder-ogg-vorbis: bf7c407c2cedff20999df2af8eb42d56 -> 
  custom:audio-encoder-webm-vorbis: bf7c407c2cedff20999df2af8eb42d56 -> 
========================================================================
Received Prepare
Registering precompiled user dll's ...
Registered in 0.008446 seconds.
Begin MonoManager ReloadAssembly
Native extension for WindowsStandalone target not found
Refreshing native plugins compatible for Editor in 0.83 ms, found 5 plugins.
Preloading 0 native plugins for Editor in 0.00 ms.
Mono: successfully reloaded assembly
- Completed reload, in  1.674 seconds
Domain Reload Profiling:
	ReloadAssembly (1675ms)
		BeginReloadAssembly (158ms)
			ExecutionOrderSort (0ms)
			DisableScriptedObjects (7ms)
			BackupInstance (0ms)
			ReleaseScriptingObjects (0ms)
			CreateAndSetChildDomain (50ms)
		EndReloadAssembly (1426ms)
			LoadAssemblies (150ms)
			RebuildTransferFunctionScriptingTraits (0ms)
			SetupTypeCache (503ms)
			ReleaseScriptCaches (2ms)
			RebuildScriptCaches (69ms)
			SetupLoadedEditorAssemblies (485ms)
				LogAssemblyErrors (0ms)
				InitializePlatformSupportModulesInManaged (6ms)
				SetLoadedEditorAssemblies (1ms)
				RefreshPlugins (1ms)
				BeforeProcessingInitializeOnLoad (134ms)
				ProcessInitializeOnLoadAttributes (312ms)
				ProcessInitializeOnLoadMethodAttributes (16ms)
				AfterProcessingInitializeOnLoad (15ms)
				EditorAssembliesLoaded (1ms)
			ExecutionOrderSort2 (0ms)
			AwakeInstancesAfterBackupRestoration (31ms)
Platform modules already initialized, skipping
Refreshing native plugins compatible for Editor in 0.75 ms, found 5 plugins.
Preloading 0 native plugins for Editor in 0.00 ms.
Unloading 3081 Unused Serialized files (Serialized files now loaded: 0)
System memory in use before: 142.7 MB.
System memory in use after: 142.9 MB.

Unloading 23 unused Assets to reduce memory usage. Loaded Objects now: 3752.
Total: 3.608300 ms (FindLiveObjects: 0.260200 ms CreateObjectMapping: 0.166500 ms MarkObjects: 3.160700 ms  DeleteObjects: 0.019500 ms)

AssetImportParameters requested are different than current active one (requested -> active):
  custom:framework-win-MediaFoundation: 216162199b28c13a410421893ffa2e32 -> 
  custom:video-decoder-ogg-theora: a1e56fd34408186e4bbccfd4996cb3dc -> 
  custom:container-muxer-webm: aa71ff27fc2769a1b78a27578f13a17b -> 
  custom:container-demuxer-webm: 4f35f7cbe854078d1ac9338744f61a02 -> 
  custom:container-demuxer-ogg: 62fdf1f143b41e24485cea50d1cbac27 -> 
  custom:video-encoder-webm-vp8: eb34c28f22e8b96e1ab97ce403110664 -> 
  custom:video-codec-MediaFoundation-h265: 746d11721c4dcdbdad8f713fa42b33f4 -> 
  custom:video-decoder-webm-vp8: 9c59270c3fd7afecdb556c50c9e8de78 -> 
  custom:audio-decoder-ogg-vorbis: bf7c407c2cedff20999df2af8eb42d56 -> 
  custom:audio-encoder-webm-vorbis: bf7c407c2cedff20999df2af8eb42d56 -> 
========================================================================
Received Prepare
Registering precompiled user dll's ...
Registered in 0.009502 seconds.
Begin MonoManager ReloadAssembly
Native extension for WindowsStandalone target not found
Refreshing native plugins compatible for Editor in 0.99 ms, found 5 plugins.
Preloading 0 native plugins for Editor in 0.00 ms.
Mono: successfully reloaded assembly
- Completed reload, in  2.323 seconds
Domain Reload Profiling:
	ReloadAssembly (2323ms)
		BeginReloadAssembly (171ms)
			ExecutionOrderSort (0ms)
			DisableScriptedObjects (7ms)
			BackupInstance (0ms)
			ReleaseScriptingObjects (0ms)
			CreateAndSetChildDomain (45ms)
		EndReloadAssembly (2047ms)
			LoadAssemblies (152ms)
			RebuildTransferFunctionScriptingTraits (0ms)
			SetupTypeCache (711ms)
			ReleaseScriptCaches (2ms)
			RebuildScriptCaches (120ms)
			SetupLoadedEditorAssemblies (745ms)
				LogAssemblyErrors (0ms)
				InitializePlatformSupportModulesInManaged (8ms)
				SetLoadedEditorAssemblies (1ms)
				RefreshPlugins (1ms)
				BeforeProcessingInitializeOnLoad (262ms)
				ProcessInitializeOnLoadAttributes (434ms)
				ProcessInitializeOnLoadMethodAttributes (17ms)
				AfterProcessingInitializeOnLoad (21ms)
				EditorAssembliesLoaded (1ms)
			ExecutionOrderSort2 (0ms)
			AwakeInstancesAfterBackupRestoration (34ms)
Platform modules already initialized, skipping
Refreshing native plugins compatible for Editor in 0.81 ms, found 5 plugins.
Preloading 0 native plugins for Editor in 0.00 ms.
Unloading 3081 Unused Serialized files (Serialized files now loaded: 0)
System memory in use before: 142.7 MB.
System memory in use after: 143.0 MB.

Unloading 23 unused Assets to reduce memory usage. Loaded Objects now: 3754.
Total: 5.692000 ms (FindLiveObjects: 0.314500 ms CreateObjectMapping: 0.206900 ms MarkObjects: 5.132500 ms  DeleteObjects: 0.036800 ms)

AssetImportParameters requested are different than current active one (requested -> active):
  custom:framework-win-MediaFoundation: 216162199b28c13a410421893ffa2e32 -> 
  custom:video-decoder-ogg-theora: a1e56fd34408186e4bbccfd4996cb3dc -> 
  custom:container-muxer-webm: aa71ff27fc2769a1b78a27578f13a17b -> 
  custom:container-demuxer-webm: 4f35f7cbe854078d1ac9338744f61a02 -> 
  custom:container-demuxer-ogg: 62fdf1f143b41e24485cea50d1cbac27 -> 
  custom:video-encoder-webm-vp8: eb34c28f22e8b96e1ab97ce403110664 -> 
  custom:video-codec-MediaFoundation-h265: 746d11721c4dcdbdad8f713fa42b33f4 -> 
  custom:video-decoder-webm-vp8: 9c59270c3fd7afecdb556c50c9e8de78 -> 
  custom:audio-decoder-ogg-vorbis: bf7c407c2cedff20999df2af8eb42d56 -> 
  custom:audio-encoder-webm-vorbis: bf7c407c2cedff20999df2af8eb42d56 -> 
